<?xml version="1.0" encoding="UTF-8"?>
<!-- Generated by org.testng.reporters.JUnitReportReporter -->
<testsuite skipped="0" hostname="DESKTOP-9IQBETH" name="com.weathertech.loginpagetests.loginparameters" tests="8" failures="0" timestamp="30 Jun 2020 16:49:33 GMT" time="172.636" errors="0">
  <testcase name="loginP" time="27.904" classname="com.weathertech.loginpagetests.loginparameters"/>
  <testcase name="loginP" time="17.970" classname="com.weathertech.loginpagetests.loginparameters"/>
  <testcase name="loginP" time="18.957" classname="com.weathertech.loginpagetests.loginparameters"/>
  <testcase name="loginP" time="17.520" classname="com.weathertech.loginpagetests.loginparameters"/>
  <testcase name="loginP" time="14.518" classname="com.weathertech.loginpagetests.loginparameters"/>
  <testcase name="loginP" time="28.576" classname="com.weathertech.loginpagetests.loginparameters"/>
  <testcase name="loginP" time="17.709" classname="com.weathertech.loginpagetests.loginparameters"/>
  <testcase name="loginP" time="29.482" classname="com.weathertech.loginpagetests.loginparameters"/>
</testsuite> <!-- com.weathertech.loginpagetests.loginparameters -->
