<?xml version="1.0" encoding="UTF-8"?>
<!-- Generated by org.testng.reporters.JUnitReportReporter -->
<testsuite skipped="0" hostname="DESKTOP-9IQBETH" name="com.weathertech.alltests.ALLTESTS" tests="11" failures="0" timestamp="28 Jun 2020 22:23:39 GMT" time="136.400" errors="0">
  <testcase name="loginTest005" time="12.170" classname="com.weathertech.alltests.ALLTESTS"/>
  <testcase name="socMedLinksTest004" time="12.442" classname="com.weathertech.alltests.ALLTESTS"/>
  <testcase name="loginTest001" time="14.910" classname="com.weathertech.alltests.ALLTESTS"/>
  <testcase name="socMedLinksTest001" time="10.449" classname="com.weathertech.alltests.ALLTESTS"/>
  <testcase name="socMedLinksTest003" time="13.076" classname="com.weathertech.alltests.ALLTESTS"/>
  <testcase name="socMedLinksTest006" time="11.272" classname="com.weathertech.alltests.ALLTESTS"/>
  <testcase name="loginTest003" time="12.272" classname="com.weathertech.alltests.ALLTESTS"/>
  <testcase name="loginTest002" time="14.916" classname="com.weathertech.alltests.ALLTESTS"/>
  <testcase name="socMedLinksTest005" time="11.919" classname="com.weathertech.alltests.ALLTESTS"/>
  <testcase name="loginTest004" time="11.839" classname="com.weathertech.alltests.ALLTESTS"/>
  <testcase name="socMedLinksTest002" time="11.135" classname="com.weathertech.alltests.ALLTESTS"/>
</testsuite> <!-- com.weathertech.alltests.ALLTESTS -->
