<?xml version="1.0" encoding="UTF-8"?>
<!-- Generated by org.testng.reporters.JUnitReportReporter -->
<testsuite skipped="1" hostname="DESKTOP-9IQBETH" name="com.weathertech.registration.registrations" tests="8" failures="0" timestamp="29 Jun 2020 18:00:32 GMT" time="88.560" errors="0">
  <testcase name="regTest007" time="13.028" classname="com.weathertech.registration.registrations"/>
  <testcase name="regTest002" time="12.738" classname="com.weathertech.registration.registrations"/>
  <testcase name="regTest006" time="12.229" classname="com.weathertech.registration.registrations"/>
  <testcase name="regTest003" time="13.534" classname="com.weathertech.registration.registrations"/>
  <testcase name="regTest004" time="12.364" classname="com.weathertech.registration.registrations"/>
  <testcase name="regTest008" time="12.474" classname="com.weathertech.registration.registrations"/>
  <testcase name="regTest005" time="12.193" classname="com.weathertech.registration.registrations"/>
  <testcase name="regTest001" classname="com.weathertech.registration.registrations">
    <skipped/>
  </testcase> <!-- regTest001 -->
</testsuite> <!-- com.weathertech.registration.registrations -->
