<?xml version="1.0" encoding="UTF-8"?>
<!-- Generated by org.testng.reporters.JUnitReportReporter -->
<testsuite skipped="0" hostname="DESKTOP-9IQBETH" name="com.weathertech.loginpagetests.LOGIN" tests="5" failures="0" timestamp="28 Jun 2020 20:47:23 GMT" time="63.385" errors="0">
  <testcase name="loginTest004" time="12.687" classname="com.weathertech.loginpagetests.LOGIN"/>
  <testcase name="loginTest003" time="13.169" classname="com.weathertech.loginpagetests.LOGIN"/>
  <testcase name="loginTest005" time="12.467" classname="com.weathertech.loginpagetests.LOGIN"/>
  <testcase name="loginTest002" time="11.461" classname="com.weathertech.loginpagetests.LOGIN"/>
  <testcase name="loginTest001" time="13.601" classname="com.weathertech.loginpagetests.LOGIN"/>
</testsuite> <!-- com.weathertech.loginpagetests.LOGIN -->
