<?xml version="1.0" encoding="UTF-8"?>
<!-- Generated by org.testng.reporters.JUnitReportReporter -->
<testsuite skipped="0" hostname="DESKTOP-9IQBETH" name="com.weathertech.testcases.TC_LOG_001" tests="1" failures="0" timestamp="28 Jun 2020 15:15:16 GMT" time="19.916" errors="0">
  <testcase name="loginpPositiveTest" time="19.916" classname="com.weathertech.testcases.TC_LOG_001"/>
</testsuite> <!-- com.weathertech.testcases.TC_LOG_001 -->
