<?xml version="1.0" encoding="UTF-8"?>
<!-- Generated by org.testng.reporters.JUnitReportReporter -->
<testsuite skipped="0" hostname="DESKTOP-9IQBETH" name="com.weathertech.loginpagetests.TC_LOG_005" tests="1" failures="0" timestamp="28 Jun 2020 20:29:09 GMT" time="14.922" errors="0">
  <testcase name="loginTest002" time="14.922" classname="com.weathertech.loginpagetests.TC_LOG_005"/>
</testsuite> <!-- com.weathertech.loginpagetests.TC_LOG_005 -->
