<?xml version="1.0" encoding="UTF-8"?>
<!-- Generated by org.testng.reporters.JUnitReportReporter -->
<testsuite skipped="0" hostname="DESKTOP-9IQBETH" name="com.weathertech.loginpagetests.loginparameters" tests="8" failures="0" timestamp="29 Jun 2020 16:14:33 GMT" time="175.426" errors="0">
  <testcase name="loginP" time="28.881" classname="com.weathertech.loginpagetests.loginparameters"/>
  <testcase name="loginP" time="17.750" classname="com.weathertech.loginpagetests.loginparameters"/>
  <testcase name="loginP" time="16.664" classname="com.weathertech.loginpagetests.loginparameters"/>
  <testcase name="loginP" time="21.440" classname="com.weathertech.loginpagetests.loginparameters"/>
  <testcase name="loginP" time="25.520" classname="com.weathertech.loginpagetests.loginparameters"/>
  <testcase name="loginP" time="28.291" classname="com.weathertech.loginpagetests.loginparameters"/>
  <testcase name="loginP" time="17.735" classname="com.weathertech.loginpagetests.loginparameters"/>
  <testcase name="loginP" time="19.145" classname="com.weathertech.loginpagetests.loginparameters"/>
</testsuite> <!-- com.weathertech.loginpagetests.loginparameters -->
